{"D:\\Trabajo\\Node-React\\Apps\\API-TS\\src\\index.ts": {"path":"D:\\Trabajo\\Node-React\\Apps\\API-TS\\src\\index.ts","statementMap":{"0":{"start":{"line":1,"column":0},"end":{"line":1,"column":28}},"1":{"start":{"line":2,"column":0},"end":{"line":2,"column":16}},"2":{"start":{"line":3,"column":0},"end":{"line":3,"column":30}},"3":{"start":{"line":4,"column":0},"end":{"line":4,"column":28}},"4":{"start":{"line":5,"column":0},"end":{"line":5,"column":28}},"5":{"start":{"line":6,"column":0},"end":{"line":6,"column":24}},"6":{"start":{"line":7,"column":0},"end":{"line":7,"column":38}},"7":{"start":{"line":9,"column":0},"end":{"line":9,"column":31}},"8":{"start":{"line":11,"column":0},"end":{"line":11,"column":48}},"9":{"start":{"line":12,"column":0},"end":{"line":12,"column":46}},"10":{"start":{"line":13,"column":0},"end":{"line":13,"column":46}},"11":{"start":{"line":20,"column":8},"end":{"line":20,"column":29}},"12":{"start":{"line":21,"column":8},"end":{"line":21,"column":22}},"13":{"start":{"line":22,"column":8},"end":{"line":22,"column":27}},"14":{"start":{"line":23,"column":8},"end":{"line":23,"column":22}},"15":{"start":{"line":27,"column":8},"end":{"line":27,"column":55}},"16":{"start":{"line":31,"column":8},"end":{"line":31,"column":36}},"17":{"start":{"line":32,"column":8},"end":{"line":32,"column":31}},"18":{"start":{"line":33,"column":8},"end":{"line":33,"column":29}},"19":{"start":{"line":34,"column":8},"end":{"line":34,"column":36}},"20":{"start":{"line":35,"column":8},"end":{"line":35,"column":37}},"21":{"start":{"line":36,"column":8},"end":{"line":36,"column":62}},"22":{"start":{"line":40,"column":8},"end":{"line":40,"column":34}},"23":{"start":{"line":41,"column":8},"end":{"line":41,"column":46}},"24":{"start":{"line":42,"column":8},"end":{"line":42,"column":46}},"25":{"start":{"line":46,"column":8},"end":{"line":48,"column":null}},"26":{"start":{"line":47,"column":12},"end":{"line":47,"column":73}},"27":{"start":{"line":52,"column":15},"end":{"line":52,"column":27}},"28":{"start":{"line":53,"column":0},"end":{"line":53,"column":15}},"29":{"start":{"line":55,"column":0},"end":{"line":55,"column":26}}},"fnMap":{"0":{"name":"(anonymous_1)","decl":{"start":{"line":19,"column":4},"end":{"line":19,"column":null}},"loc":{"start":{"line":19,"column":4},"end":{"line":24,"column":5}}},"1":{"name":"(anonymous_2)","decl":{"start":{"line":26,"column":4},"end":{"line":26,"column":10}},"loc":{"start":{"line":26,"column":10},"end":{"line":28,"column":5}}},"2":{"name":"(anonymous_3)","decl":{"start":{"line":30,"column":4},"end":{"line":30,"column":15}},"loc":{"start":{"line":30,"column":15},"end":{"line":37,"column":5}}},"3":{"name":"(anonymous_4)","decl":{"start":{"line":39,"column":4},"end":{"line":39,"column":10}},"loc":{"start":{"line":39,"column":10},"end":{"line":43,"column":5}}},"4":{"name":"(anonymous_5)","decl":{"start":{"line":45,"column":4},"end":{"line":45,"column":9}},"loc":{"start":{"line":45,"column":9},"end":{"line":49,"column":5}}},"5":{"name":"(anonymous_6)","decl":{"start":{"line":46,"column":46},"end":{"line":46,"column":49}},"loc":{"start":{"line":46,"column":51},"end":{"line":48,"column":9}}}},"branchMap":{"0":{"loc":{"start":{"line":27,"column":29},"end":{"line":27,"column":45}},"type":"binary-expr","locations":[{"start":{"line":27,"column":29},"end":{"line":27,"column":45}},{"start":{"line":27,"column":49},"end":{"line":27,"column":53}}]}},"s":{"0":1,"1":1,"2":1,"3":1,"4":1,"5":1,"6":1,"7":1,"8":1,"9":1,"10":1,"11":1,"12":1,"13":1,"14":1,"15":1,"16":1,"17":1,"18":1,"19":1,"20":1,"21":1,"22":1,"23":1,"24":1,"25":1,"26":1,"27":1,"28":1,"29":1},"f":{"0":1,"1":1,"2":1,"3":1,"4":1,"5":1},"b":{"0":[1,1]}}
,"D:\\Trabajo\\Node-React\\Apps\\API-TS\\src\\controllers\\authController.ts": {"path":"D:\\Trabajo\\Node-React\\Apps\\API-TS\\src\\controllers\\authController.ts","statementMap":{"0":{"start":{"line":2,"column":0},"end":{"line":2,"column":45}},"1":{"start":{"line":4,"column":0},"end":{"line":4,"column":30}},"2":{"start":{"line":10,"column":46},"end":{"line":10,"column":54}},"3":{"start":{"line":11,"column":29},"end":{"line":15,"column":10}},"4":{"start":{"line":16,"column":26},"end":{"line":16,"column":43}},"5":{"start":{"line":17,"column":8},"end":{"line":17,"column":31}},"6":{"start":{"line":20,"column":31},"end":{"line":20,"column":112}},"7":{"start":{"line":22,"column":8},"end":{"line":25,"column":null}},"8":{"start":{"line":29,"column":36},"end":{"line":29,"column":44}},"9":{"start":{"line":31,"column":21},"end":{"line":31,"column":50}},"10":{"start":{"line":32,"column":8},"end":{"line":36,"column":null}},"11":{"start":{"line":33,"column":12},"end":{"line":35,"column":15}},"12":{"start":{"line":38,"column":36},"end":{"line":38,"column":73}},"13":{"start":{"line":39,"column":8},"end":{"line":43,"column":10}},"14":{"start":{"line":40,"column":12},"end":{"line":42,"column":15}},"15":{"start":{"line":45,"column":32},"end":{"line":47,"column":10}},"16":{"start":{"line":49,"column":8},"end":{"line":52,"column":null}},"17":{"start":{"line":57,"column":27},"end":{"line":57,"column":35}},"18":{"start":{"line":58,"column":21},"end":{"line":58,"column":48}},"19":{"start":{"line":60,"column":8},"end":{"line":60,"column":64}},"20":{"start":{"line":60,"column":18},"end":{"line":60,"column":64}},"21":{"start":{"line":62,"column":8},"end":{"line":65,"column":null}},"22":{"start":{"line":69,"column":23},"end":{"line":69,"column":43}},"23":{"start":{"line":71,"column":0},"end":{"line":71,"column":30}}},"fnMap":{"0":{"name":"(anonymous_8)","decl":{"start":{"line":8,"column":17},"end":{"line":8,"column":23}},"loc":{"start":{"line":8,"column":52},"end":{"line":26,"column":null}}},"1":{"name":"(anonymous_10)","decl":{"start":{"line":28,"column":17},"end":{"line":28,"column":23}},"loc":{"start":{"line":28,"column":52},"end":{"line":54,"column":null}}},"2":{"name":"(anonymous_12)","decl":{"start":{"line":56,"column":17},"end":{"line":56,"column":24}},"loc":{"start":{"line":56,"column":53},"end":{"line":66,"column":null}}}},"branchMap":{"0":{"loc":{"start":{"line":20,"column":65},"end":{"line":20,"column":93}},"type":"binary-expr","locations":[{"start":{"line":20,"column":65},"end":{"line":20,"column":93}},{"start":{"line":20,"column":97},"end":{"line":20,"column":111}}]},"1":{"loc":{"start":{"line":32,"column":8},"end":{"line":36,"column":null}},"type":"if","locations":[{"start":{"line":32,"column":8},"end":{"line":36,"column":null}},{"start":{"line":32,"column":8},"end":{"line":36,"column":null}}]},"2":{"loc":{"start":{"line":39,"column":8},"end":{"line":43,"column":10}},"type":"if","locations":[{"start":{"line":39,"column":8},"end":{"line":43,"column":10}},{"start":{"line":39,"column":8},"end":{"line":43,"column":10}}]},"3":{"loc":{"start":{"line":45,"column":60},"end":{"line":45,"column":88}},"type":"binary-expr","locations":[{"start":{"line":45,"column":60},"end":{"line":45,"column":88}},{"start":{"line":45,"column":92},"end":{"line":45,"column":106}}]},"4":{"loc":{"start":{"line":60,"column":8},"end":{"line":60,"column":64}},"type":"if","locations":[{"start":{"line":60,"column":8},"end":{"line":60,"column":64}},{"start":{"line":60,"column":8},"end":{"line":60,"column":64}}]}},"s":{"0":1,"1":1,"2":0,"3":0,"4":0,"5":0,"6":0,"7":0,"8":0,"9":0,"10":0,"11":0,"12":0,"13":0,"14":0,"15":0,"16":0,"17":0,"18":0,"19":0,"20":0,"21":0,"22":1,"23":1},"f":{"0":0,"1":0,"2":0},"b":{"0":[0,0],"1":[0,0],"2":[0,0],"3":[0,0],"4":[0,0]}}
,"D:\\Trabajo\\Node-React\\Apps\\API-TS\\src\\controllers\\indexController.ts": {"path":"D:\\Trabajo\\Node-React\\Apps\\API-TS\\src\\controllers\\indexController.ts","statementMap":{"0":{"start":{"line":6,"column":8},"end":{"line":6,"column":35}},"1":{"start":{"line":10,"column":24},"end":{"line":10,"column":45}},"2":{"start":{"line":12,"column":0},"end":{"line":12,"column":31}}},"fnMap":{"0":{"name":"(anonymous_0)","decl":{"start":{"line":5,"column":11},"end":{"line":5,"column":16}},"loc":{"start":{"line":5,"column":45},"end":{"line":7,"column":5}}}},"branchMap":{},"s":{"0":1,"1":1,"2":1},"f":{"0":1},"b":{}}
,"D:\\Trabajo\\Node-React\\Apps\\API-TS\\src\\controllers\\newsController.ts": {"path":"D:\\Trabajo\\Node-React\\Apps\\API-TS\\src\\controllers\\newsController.ts","statementMap":{"0":{"start":{"line":2,"column":0},"end":{"line":2,"column":34}},"1":{"start":{"line":7,"column":21},"end":{"line":7,"column":38}},"2":{"start":{"line":9,"column":8},"end":{"line":12,"column":null}},"3":{"start":{"line":16,"column":23},"end":{"line":16,"column":33}},"4":{"start":{"line":17,"column":21},"end":{"line":17,"column":54}},"5":{"start":{"line":19,"column":8},"end":{"line":22,"column":null}},"6":{"start":{"line":27,"column":8},"end":{"line":27,"column":30}},"7":{"start":{"line":28,"column":43},"end":{"line":28,"column":51}},"8":{"start":{"line":29,"column":21},"end":{"line":31,"column":10}},"9":{"start":{"line":32,"column":8},"end":{"line":32,"column":26}},"10":{"start":{"line":34,"column":8},"end":{"line":37,"column":null}},"11":{"start":{"line":42,"column":43},"end":{"line":42,"column":51}},"12":{"start":{"line":43,"column":23},"end":{"line":43,"column":33}},"13":{"start":{"line":44,"column":24},"end":{"line":49,"column":25}},"14":{"start":{"line":51,"column":8},"end":{"line":54,"column":null}},"15":{"start":{"line":58,"column":23},"end":{"line":58,"column":33}},"16":{"start":{"line":59,"column":24},"end":{"line":59,"column":63}},"17":{"start":{"line":61,"column":8},"end":{"line":64,"column":null}},"18":{"start":{"line":68,"column":23},"end":{"line":68,"column":43}},"19":{"start":{"line":70,"column":0},"end":{"line":70,"column":30}}},"fnMap":{"0":{"name":"(anonymous_8)","decl":{"start":{"line":6,"column":17},"end":{"line":6,"column":27}},"loc":{"start":{"line":6,"column":56},"end":{"line":13,"column":null}}},"1":{"name":"(anonymous_10)","decl":{"start":{"line":15,"column":17},"end":{"line":15,"column":24}},"loc":{"start":{"line":15,"column":53},"end":{"line":24,"column":null}}},"2":{"name":"(anonymous_12)","decl":{"start":{"line":26,"column":17},"end":{"line":26,"column":27}},"loc":{"start":{"line":26,"column":56},"end":{"line":39,"column":null}}},"3":{"name":"(anonymous_14)","decl":{"start":{"line":41,"column":17},"end":{"line":41,"column":25}},"loc":{"start":{"line":41,"column":54},"end":{"line":55,"column":null}}},"4":{"name":"(anonymous_16)","decl":{"start":{"line":57,"column":17},"end":{"line":57,"column":27}},"loc":{"start":{"line":57,"column":56},"end":{"line":65,"column":null}}}},"branchMap":{},"s":{"0":1,"1":0,"2":0,"3":0,"4":0,"5":0,"6":0,"7":0,"8":0,"9":0,"10":0,"11":0,"12":0,"13":0,"14":0,"15":0,"16":0,"17":0,"18":1,"19":1},"f":{"0":0,"1":0,"2":0,"3":0,"4":0},"b":{}}
,"D:\\Trabajo\\Node-React\\Apps\\API-TS\\src\\database\\database.ts": {"path":"D:\\Trabajo\\Node-React\\Apps\\API-TS\\src\\database\\database.ts","statementMap":{"0":{"start":{"line":1,"column":0},"end":{"line":1,"column":32}},"1":{"start":{"line":3,"column":0},"end":{"line":11,"column":null}},"2":{"start":{"line":8,"column":4},"end":{"line":8,"column":null}},"3":{"start":{"line":10,"column":4},"end":{"line":10,"column":32}}},"fnMap":{"0":{"name":"(anonymous_1)","decl":{"start":{"line":7,"column":9},"end":{"line":7,"column":12}},"loc":{"start":{"line":7,"column":14},"end":{"line":9,"column":1}}},"1":{"name":"(anonymous_2)","decl":{"start":{"line":9,"column":10},"end":{"line":9,"column":11}},"loc":{"start":{"line":9,"column":18},"end":{"line":11,"column":1}}}},"branchMap":{"0":{"loc":{"start":{"line":3,"column":17},"end":{"line":3,"column":40}},"type":"binary-expr","locations":[{"start":{"line":3,"column":17},"end":{"line":3,"column":40}},{"start":{"line":3,"column":44},"end":{"line":3,"column":55}}]}},"s":{"0":1,"1":1,"2":1,"3":0},"f":{"0":1,"1":0},"b":{"0":[1,0]}}
,"D:\\Trabajo\\Node-React\\Apps\\API-TS\\src\\libs\\verifyToken.ts": {"path":"D:\\Trabajo\\Node-React\\Apps\\API-TS\\src\\libs\\verifyToken.ts","statementMap":{"0":{"start":{"line":2,"column":0},"end":{"line":2,"column":31}},"1":{"start":{"line":10,"column":31},"end":{"line":23,"column":1}},"2":{"start":{"line":11,"column":18},"end":{"line":11,"column":42}},"3":{"start":{"line":13,"column":4},"end":{"line":17,"column":null}},"4":{"start":{"line":14,"column":8},"end":{"line":16,"column":null}},"5":{"start":{"line":19,"column":20},"end":{"line":19,"column":97}},"6":{"start":{"line":20,"column":4},"end":{"line":20,"column":34}},"7":{"start":{"line":22,"column":4},"end":{"line":22,"column":11}},"8":{"start":{"line":10,"column":13},"end":{"line":10,"column":31}}},"fnMap":{"0":{"name":"(anonymous_1)","decl":{"start":{"line":10,"column":31},"end":{"line":10,"column":32}},"loc":{"start":{"line":10,"column":83},"end":{"line":23,"column":1}}}},"branchMap":{"0":{"loc":{"start":{"line":13,"column":4},"end":{"line":17,"column":null}},"type":"if","locations":[{"start":{"line":13,"column":4},"end":{"line":17,"column":null}},{"start":{"line":13,"column":4},"end":{"line":17,"column":null}}]},"1":{"loc":{"start":{"line":19,"column":38},"end":{"line":19,"column":66}},"type":"binary-expr","locations":[{"start":{"line":19,"column":38},"end":{"line":19,"column":66}},{"start":{"line":19,"column":70},"end":{"line":19,"column":84}}]}},"s":{"0":1,"1":1,"2":0,"3":0,"4":0,"5":0,"6":0,"7":0,"8":1},"f":{"0":0},"b":{"0":[0,0],"1":[0,0]}}
,"D:\\Trabajo\\Node-React\\Apps\\API-TS\\src\\models\\News.ts": {"path":"D:\\Trabajo\\Node-React\\Apps\\API-TS\\src\\models\\News.ts","statementMap":{"0":{"start":{"line":1,"column":0},"end":{"line":1,"column":41}},"1":{"start":{"line":3,"column":19},"end":{"line":24,"column":2}},"2":{"start":{"line":26,"column":0},"end":{"line":26,"column":41}}},"fnMap":{},"branchMap":{},"s":{"0":1,"1":1,"2":1},"f":{},"b":{}}
,"D:\\Trabajo\\Node-React\\Apps\\API-TS\\src\\models\\User.ts": {"path":"D:\\Trabajo\\Node-React\\Apps\\API-TS\\src\\models\\User.ts","statementMap":{"0":{"start":{"line":1,"column":0},"end":{"line":1,"column":51}},"1":{"start":{"line":2,"column":0},"end":{"line":2,"column":30}},"2":{"start":{"line":14,"column":35},"end":{"line":38,"column":2}},"3":{"start":{"line":40,"column":0},"end":{"line":49,"column":null}},"4":{"start":{"line":41,"column":17},"end":{"line":41,"column":21}},"5":{"start":{"line":42,"column":4},"end":{"line":42,"column":52}},"6":{"start":{"line":42,"column":38},"end":{"line":42,"column":52}},"7":{"start":{"line":44,"column":17},"end":{"line":44,"column":41}},"8":{"start":{"line":45,"column":17},"end":{"line":45,"column":55}},"9":{"start":{"line":46,"column":4},"end":{"line":46,"column":25}},"10":{"start":{"line":47,"column":4},"end":{"line":47,"column":11}},"11":{"start":{"line":57,"column":0},"end":{"line":59,"column":null}},"12":{"start":{"line":58,"column":4},"end":{"line":58,"column":57}},"13":{"start":{"line":61,"column":0},"end":{"line":61,"column":48}}},"fnMap":{"0":{"name":"(anonymous_8)","decl":{"start":{"line":40,"column":30},"end":{"line":40,"column":46}},"loc":{"start":{"line":40,"column":50},"end":{"line":49,"column":2}}},"1":{"name":"(anonymous_10)","decl":{"start":{"line":57,"column":38},"end":{"line":57,"column":54}},"loc":{"start":{"line":57,"column":71},"end":{"line":59,"column":null}}}},"branchMap":{"0":{"loc":{"start":{"line":42,"column":4},"end":{"line":42,"column":52}},"type":"if","locations":[{"start":{"line":42,"column":4},"end":{"line":42,"column":52}},{"start":{"line":42,"column":4},"end":{"line":42,"column":52}}]}},"s":{"0":1,"1":1,"2":1,"3":1,"4":0,"5":0,"6":0,"7":0,"8":0,"9":0,"10":0,"11":1,"12":0,"13":1},"f":{"0":0,"1":0},"b":{"0":[0,0]}}
,"D:\\Trabajo\\Node-React\\Apps\\API-TS\\src\\routes\\auth.routes.ts": {"path":"D:\\Trabajo\\Node-React\\Apps\\API-TS\\src\\routes\\auth.routes.ts","statementMap":{"0":{"start":{"line":1,"column":0},"end":{"line":1,"column":52}},"1":{"start":{"line":2,"column":0},"end":{"line":2,"column":59}},"2":{"start":{"line":3,"column":0},"end":{"line":3,"column":54}},"3":{"start":{"line":10,"column":8},"end":{"line":10,"column":31}},"4":{"start":{"line":11,"column":8},"end":{"line":11,"column":22}},"5":{"start":{"line":15,"column":8},"end":{"line":15,"column":59}},"6":{"start":{"line":16,"column":8},"end":{"line":16,"column":59}},"7":{"start":{"line":17,"column":8},"end":{"line":17,"column":77}},"8":{"start":{"line":23,"column":19},"end":{"line":23,"column":35}},"9":{"start":{"line":24,"column":0},"end":{"line":24,"column":20}},"10":{"start":{"line":26,"column":0},"end":{"line":26,"column":33}}},"fnMap":{"0":{"name":"(anonymous_1)","decl":{"start":{"line":9,"column":4},"end":{"line":9,"column":null}},"loc":{"start":{"line":9,"column":4},"end":{"line":12,"column":5}}},"1":{"name":"(anonymous_2)","decl":{"start":{"line":14,"column":4},"end":{"line":14,"column":10}},"loc":{"start":{"line":14,"column":10},"end":{"line":19,"column":5}}}},"branchMap":{},"s":{"0":1,"1":1,"2":1,"3":1,"4":1,"5":2,"6":2,"7":2,"8":1,"9":1,"10":1},"f":{"0":1,"1":2},"b":{}}
,"D:\\Trabajo\\Node-React\\Apps\\API-TS\\src\\routes\\index.routes.ts": {"path":"D:\\Trabajo\\Node-React\\Apps\\API-TS\\src\\routes\\index.routes.ts","statementMap":{"0":{"start":{"line":1,"column":0},"end":{"line":1,"column":52}},"1":{"start":{"line":2,"column":0},"end":{"line":2,"column":61}},"2":{"start":{"line":9,"column":8},"end":{"line":9,"column":31}},"3":{"start":{"line":10,"column":8},"end":{"line":10,"column":22}},"4":{"start":{"line":14,"column":8},"end":{"line":14,"column":52}},"5":{"start":{"line":20,"column":20},"end":{"line":20,"column":37}},"6":{"start":{"line":21,"column":0},"end":{"line":21,"column":21}},"7":{"start":{"line":23,"column":0},"end":{"line":23,"column":34}}},"fnMap":{"0":{"name":"(anonymous_1)","decl":{"start":{"line":8,"column":4},"end":{"line":8,"column":null}},"loc":{"start":{"line":8,"column":4},"end":{"line":11,"column":5}}},"1":{"name":"(anonymous_2)","decl":{"start":{"line":13,"column":4},"end":{"line":13,"column":10}},"loc":{"start":{"line":13,"column":10},"end":{"line":16,"column":5}}}},"branchMap":{},"s":{"0":1,"1":1,"2":1,"3":1,"4":2,"5":1,"6":1,"7":1},"f":{"0":1,"1":2},"b":{}}
,"D:\\Trabajo\\Node-React\\Apps\\API-TS\\src\\routes\\news.routes.ts": {"path":"D:\\Trabajo\\Node-React\\Apps\\API-TS\\src\\routes\\news.routes.ts","statementMap":{"0":{"start":{"line":1,"column":0},"end":{"line":1,"column":52}},"1":{"start":{"line":2,"column":0},"end":{"line":2,"column":59}},"2":{"start":{"line":9,"column":8},"end":{"line":9,"column":31}},"3":{"start":{"line":10,"column":8},"end":{"line":10,"column":22}},"4":{"start":{"line":15,"column":8},"end":{"line":15,"column":56}},"5":{"start":{"line":17,"column":8},"end":{"line":17,"column":56}},"6":{"start":{"line":19,"column":8},"end":{"line":19,"column":63}},"7":{"start":{"line":21,"column":8},"end":{"line":21,"column":62}},"8":{"start":{"line":23,"column":8},"end":{"line":23,"column":69}},"9":{"start":{"line":29,"column":19},"end":{"line":29,"column":35}},"10":{"start":{"line":30,"column":0},"end":{"line":30,"column":20}},"11":{"start":{"line":32,"column":0},"end":{"line":32,"column":33}}},"fnMap":{"0":{"name":"(anonymous_1)","decl":{"start":{"line":8,"column":4},"end":{"line":8,"column":null}},"loc":{"start":{"line":8,"column":4},"end":{"line":11,"column":5}}},"1":{"name":"(anonymous_2)","decl":{"start":{"line":13,"column":4},"end":{"line":13,"column":10}},"loc":{"start":{"line":13,"column":10},"end":{"line":25,"column":5}}}},"branchMap":{},"s":{"0":1,"1":1,"2":1,"3":1,"4":2,"5":2,"6":2,"7":2,"8":2,"9":1,"10":1,"11":1},"f":{"0":1,"1":2},"b":{}}
}
